<?xml version="1.0" encoding="UTF-8"?>
<testsuite name="HelloWorldTest" tests="1" skipped="0" failures="0" errors="0" timestamp="2023-03-23T22:37:17" hostname="MacBook-Pro-de-Ti.local" time="0.024">
  <properties/>
  <testcase name="helloWorldTest" classname="HelloWorldTest" time="0.024"/>
  <system-out><![CDATA[]]></system-out>
  <system-err><![CDATA[]]></system-err>
</testsuite>
